2018-04-26 15:16:56,256 ERROR [com.cn.chinamobile.main.TaskInvoker] - 执行任务失败：2110012499
org.mybatis.spring.MyBatisSystemException: nested exception is org.apache.ibatis.executor.ExecutorException: Could not process result for mapping: ResultMapping{property='null', column='version', javaType=class java.lang.String, jdbcType=VARCHAR, nestedResultMapId='null', nestedQueryId='null', notNullColumns=[], columnPrefix='null', flags=[CONSTRUCTOR], composites=[], resultSet='null', foreignColumn='null', lazy=false}
	at org.mybatis.spring.MyBatisExceptionTranslator.translateExceptionIfPossible(MyBatisExceptionTranslator.java:77)
	at org.mybatis.spring.SqlSessionTemplate$SqlSessionInterceptor.invoke(SqlSessionTemplate.java:446)
	at com.sun.proxy.$Proxy9.selectList(Unknown Source)
	at org.mybatis.spring.SqlSessionTemplate.selectList(SqlSessionTemplate.java:230)
	at org.apache.ibatis.binding.MapperMethod.executeForMany(MapperMethod.java:137)
	at org.apache.ibatis.binding.MapperMethod.execute(MapperMethod.java:75)
	at org.apache.ibatis.binding.MapperProxy.invoke(MapperProxy.java:59)
	at com.sun.proxy.$Proxy25.selectByParas(Unknown Source)
	at com.cn.chinamobile.service.UdpExempDtypeService.selectByParas(UdpExempDtypeService.java:29)
	at com.cn.chinamobile.business.UdpBusiness.insertPMLoseDataInfo(UdpBusiness.java:689)
	at com.cn.chinamobile.business.UdpBusiness.dealPMProcess(UdpBusiness.java:308)
	at com.cn.chinamobile.business.UdpBusiness.startBusiness(UdpBusiness.java:157)
	at com.cn.chinamobile.main.UdpInvoker.main(UdpInvoker.java:61)
	at com.cn.chinamobile.main.T.main(T.java:35)
Caused by: org.apache.ibatis.executor.ExecutorException: Could not process result for mapping: ResultMapping{property='null', column='version', javaType=class java.lang.String, jdbcType=VARCHAR, nestedResultMapId='null', nestedQueryId='null', notNullColumns=[], columnPrefix='null', flags=[CONSTRUCTOR], composites=[], resultSet='null', foreignColumn='null', lazy=false}
	at org.apache.ibatis.executor.resultset.DefaultResultSetHandler.createParameterizedResultObject(DefaultResultSetHandler.java:636)
	at org.apache.ibatis.executor.resultset.DefaultResultSetHandler.createResultObject(DefaultResultSetHandler.java:609)
	at org.apache.ibatis.executor.resultset.DefaultResultSetHandler.createResultObject(DefaultResultSetHandler.java:586)
	at org.apache.ibatis.executor.resultset.DefaultResultSetHandler.getRowValue(DefaultResultSetHandler.java:388)
	at org.apache.ibatis.executor.resultset.DefaultResultSetHandler.handleRowValuesForSimpleResultMap(DefaultResultSetHandler.java:347)
	at org.apache.ibatis.executor.resultset.DefaultResultSetHandler.handleRowValues(DefaultResultSetHandler.java:322)
	at org.apache.ibatis.executor.resultset.DefaultResultSetHandler.handleResultSet(DefaultResultSetHandler.java:295)
	at org.apache.ibatis.executor.resultset.DefaultResultSetHandler.handleResultSets(DefaultResultSetHandler.java:192)
	at org.apache.ibatis.executor.statement.PreparedStatementHandler.query(PreparedStatementHandler.java:64)
	at org.apache.ibatis.executor.statement.RoutingStatementHandler.query(RoutingStatementHandler.java:79)
	at org.apache.ibatis.executor.SimpleExecutor.doQuery(SimpleExecutor.java:63)
	at org.apache.ibatis.executor.BaseExecutor.queryFromDatabase(BaseExecutor.java:324)
	at org.apache.ibatis.executor.BaseExecutor.query(BaseExecutor.java:156)
	at org.apache.ibatis.executor.CachingExecutor.query(CachingExecutor.java:109)
	at org.apache.ibatis.executor.CachingExecutor.query(CachingExecutor.java:83)
	at org.apache.ibatis.session.defaults.DefaultSqlSession.selectList(DefaultSqlSession.java:148)
	at org.apache.ibatis.session.defaults.DefaultSqlSession.selectList(DefaultSqlSession.java:141)
	at sun.reflect.NativeMethodAccessorImpl.invoke0(Native Method)
	at sun.reflect.NativeMethodAccessorImpl.invoke(NativeMethodAccessorImpl.java:62)
	at sun.reflect.DelegatingMethodAccessorImpl.invoke(DelegatingMethodAccessorImpl.java:43)
	at java.lang.reflect.Method.invoke(Method.java:483)
	at org.mybatis.spring.SqlSessionTemplate$SqlSessionInterceptor.invoke(SqlSessionTemplate.java:433)
	... 12 more
Caused by: org.apache.ibatis.executor.result.ResultMapException: Error attempting to get column 'version' from result set.  Cause: java.sql.SQLException: Column 'version' not found.
	at org.apache.ibatis.type.BaseTypeHandler.getResult(BaseTypeHandler.java:68)
	at org.apache.ibatis.executor.resultset.DefaultResultSetHandler.createParameterizedResultObject(DefaultResultSetHandler.java:633)
	... 33 more
Caused by: java.sql.SQLException: Column 'version' not found.
	at com.mysql.jdbc.SQLError.createSQLException(SQLError.java:964)
	at com.mysql.jdbc.SQLError.createSQLException(SQLError.java:897)
	at com.mysql.jdbc.SQLError.createSQLException(SQLError.java:886)
	at com.mysql.jdbc.SQLError.createSQLException(SQLError.java:860)
	at com.mysql.jdbc.ResultSetImpl.findColumn(ResultSetImpl.java:1077)
	at com.mysql.jdbc.ResultSetImpl.getString(ResultSetImpl.java:5174)
	at com.alibaba.druid.pool.DruidPooledResultSet.getString(DruidPooledResultSet.java:257)
	at org.apache.ibatis.type.StringTypeHandler.getNullableResult(StringTypeHandler.java:37)
	at org.apache.ibatis.type.StringTypeHandler.getNullableResult(StringTypeHandler.java:26)
	at org.apache.ibatis.type.BaseTypeHandler.getResult(BaseTypeHandler.java:66)
	... 34 more
