2018-05-16 15:24:24,003 INFO [com.cn.chinamobile.main.TaskInvoker] - 检测D:\adapterdata\AH/IMSUDP/PSBC/HW/PM路径下的文件
2018-05-16 15:24:24,083 INFO [com.cn.chinamobile.main.TaskInvoker] - 检测D:\adapterdata\AH/IMSUDP/PSBC/HW/PM路径下的文件
2018-05-16 15:24:24,089 INFO [com.cn.chinamobile.main.TaskInvoker] - 检测D:\adapterdata\AH/IMSUDP/PSBC/HW/PM路径下的文件
2018-05-16 15:24:24,249 INFO [com.cn.chinamobile.main.TaskInvoker] - 检测D:\adapterdata\AH/IMSUDP/PSBC/HW/PM/2018-04-11-00路径下的文件
2018-05-16 15:24:24,322 INFO [com.cn.chinamobile.main.TaskInvoker] - 检测D:\adapterdata\AH/IMSUDP/PSBC/HW/PM/2018-04-11-01路径下的文件
2018-05-16 15:24:24,334 INFO [com.cn.chinamobile.main.TaskInvoker] - 检测D:\adapterdata\AH/IMSUDP/PSBC/HW/PM/2018-04-11-02路径下的文件
2018-05-16 15:24:24,367 INFO [com.cn.chinamobile.main.TaskInvoker] - 检测D:\adapterdata\AH/IMSUDP/PSBC/HW/PM/2018-04-11-03路径下的文件
2018-05-16 15:24:24,370 INFO [com.cn.chinamobile.main.TaskInvoker] - 检测D:\adapterdata\AH/IMSUDP/PSBC/HW/PM/2018-04-11-04路径下的文件
2018-05-16 15:24:24,396 INFO [com.cn.chinamobile.main.TaskInvoker] - 检测D:\adapterdata\AH/IMSUDP/PSBC/HW/PM/2018-04-11-05路径下的文件
2018-05-16 15:24:24,413 INFO [com.cn.chinamobile.main.TaskInvoker] - 检测D:\adapterdata\AH/IMSUDP/PSBC/HW/PM/2018-04-11-06路径下的文件
2018-05-16 15:24:24,430 INFO [com.cn.chinamobile.main.TaskInvoker] - 检测D:\adapterdata\AH/IMSUDP/PSBC/HW/PM/2018-04-11-07路径下的文件
2018-05-16 15:24:24,447 INFO [com.cn.chinamobile.main.TaskInvoker] - 检测D:\adapterdata\AH/IMSUDP/PSBC/HW/PM/2018-04-11-08路径下的文件
2018-05-16 15:24:24,473 INFO [com.cn.chinamobile.main.TaskInvoker] - 检测D:\adapterdata\AH/IMSUDP/PSBC/HW/PM/2018-04-11-09路径下的文件
2018-05-16 15:24:24,520 INFO [com.cn.chinamobile.main.TaskInvoker] - 检测D:\adapterdata\AH/IMSUDP/PSBC/HW/PM/2018-04-11-10路径下的文件
2018-05-16 15:24:24,550 INFO [com.cn.chinamobile.main.TaskInvoker] - 检测D:\adapterdata\AH/IMSUDP/PSBC/HW/PM/2018-04-11-11路径下的文件
2018-05-16 15:24:24,590 INFO [com.cn.chinamobile.main.TaskInvoker] - 检测D:\adapterdata\AH/IMSUDP/PSBC/HW/PM/2018-04-11-12路径下的文件
2018-05-16 15:24:24,596 INFO [com.cn.chinamobile.main.TaskInvoker] - 检测D:\adapterdata\AH/IMSUDP/PSBC/HW/PM/2018-04-11-13路径下的文件
2018-05-16 15:24:24,628 INFO [com.cn.chinamobile.main.TaskInvoker] - 检测D:\adapterdata\AH/IMSUDP/PSBC/HW/PM/2018-04-11-14路径下的文件
2018-05-16 15:24:24,635 INFO [com.cn.chinamobile.main.TaskInvoker] - 检测D:\adapterdata\AH/IMSUDP/PSBC/HW/PM/2018-04-11-15路径下的文件
2018-05-16 15:24:24,653 INFO [com.cn.chinamobile.main.TaskInvoker] - 检测D:\adapterdata\AH/IMSUDP/PSBC/HW/PM/2018-04-11-16路径下的文件
2018-05-16 15:24:24,711 INFO [com.cn.chinamobile.main.TaskInvoker] - 检测D:\adapterdata\AH/IMSUDP/PSBC/HW/PM/2018-04-11-17路径下的文件
2018-05-16 15:24:24,873 INFO [com.cn.chinamobile.main.TaskInvoker] - 检测D:\adapterdata\AH/IMSUDP/PSBC/HW/PM/2018-04-11-18路径下的文件
2018-05-16 15:24:24,964 INFO [com.cn.chinamobile.main.TaskInvoker] - 检测D:\adapterdata\AH/IMSUDP/PSBC/HW/PM/2018-04-11-19路径下的文件
2018-05-16 15:24:25,031 INFO [com.cn.chinamobile.main.TaskInvoker] - 检测D:\adapterdata\AH/IMSUDP/PSBC/HW/PM/2018-04-11-20路径下的文件
2018-05-16 15:24:25,084 INFO [com.cn.chinamobile.main.TaskInvoker] - 检测D:\adapterdata\AH/IMSUDP/PSBC/HW/PM/2018-04-11-21路径下的文件
2018-05-16 15:24:25,108 INFO [com.cn.chinamobile.main.TaskInvoker] - 检测D:\adapterdata\AH/IMSUDP/PSBC/HW/PM/2018-04-11-22路径下的文件
2018-05-16 15:24:25,142 INFO [com.cn.chinamobile.main.TaskInvoker] - 检测D:\adapterdata\AH/IMSUDP/PSBC/HW/PM/2018-04-11-23路径下的文件
2018-05-16 15:24:25,189 INFO [com.cn.chinamobile.main.TaskInvoker] - 检测D:\adapterdata\AH/IMSUDP/PSBC/HW/PM/2018-04-12-00路径下的文件
2018-05-16 15:24:25,200 INFO [com.cn.chinamobile.main.TaskInvoker] - 检测D:\adapterdata\AH/IMSUDP/PSBC/HW/PM/2018-04-12-01路径下的文件
2018-05-16 15:24:25,205 INFO [com.cn.chinamobile.main.TaskInvoker] - 检测D:\adapterdata\AH/IMSUDP/PSBC/HW/PM/2018-04-12-02路径下的文件
2018-05-16 15:24:25,221 INFO [com.cn.chinamobile.main.TaskInvoker] - 检测D:\adapterdata\AH/IMSUDP/PSBC/HW/PM/2018-04-12-03路径下的文件
2018-05-16 15:24:25,434 INFO [com.cn.chinamobile.main.TaskInvoker] - 检测D:\adapterdata\AH/IMSUDP/PSBC/HW/PM/2018-04-12-04路径下的文件
2018-05-16 15:24:25,455 INFO [com.cn.chinamobile.main.TaskInvoker] - 检测D:\adapterdata\AH/IMSUDP/PSBC/HW/PM/2018-04-12-05路径下的文件
2018-05-16 15:24:25,631 INFO [com.cn.chinamobile.main.TaskInvoker] - 检测D:\adapterdata\AH/IMSUDP/PSBC/HW/PM/2018-04-12-06路径下的文件
2018-05-16 15:24:25,638 INFO [com.cn.chinamobile.main.TaskInvoker] - 检测D:\adapterdata\AH/IMSUDP/PSBC/HW/PM/2018-04-12-07路径下的文件
2018-05-16 15:24:25,668 INFO [com.cn.chinamobile.main.TaskInvoker] - 检测D:\adapterdata\AH/IMSUDP/PSBC/HW/PM/2018-04-12-08路径下的文件
2018-05-16 15:24:25,693 INFO [com.cn.chinamobile.main.TaskInvoker] - 检测D:\adapterdata\AH/IMSUDP/PSBC/HW/PM/2018-04-12-09路径下的文件
2018-05-16 15:24:25,700 INFO [com.cn.chinamobile.main.TaskInvoker] - 检测D:\adapterdata\AH/IMSUDP/PSBC/HW/PM/2018-04-12-10路径下的文件
2018-05-16 15:24:25,735 INFO [com.cn.chinamobile.main.TaskInvoker] - 检测D:\adapterdata\AH/IMSUDP/PSBC/HW/PM/2018-04-12-11路径下的文件
2018-05-16 15:24:25,741 INFO [com.cn.chinamobile.main.TaskInvoker] - 检测D:\adapterdata\AH/IMSUDP/PSBC/HW/PM/2018-04-12-12路径下的文件
2018-05-16 15:24:25,772 INFO [com.cn.chinamobile.main.TaskInvoker] - 检测D:\adapterdata\AH/IMSUDP/PSBC/HW/PM/2018-04-12-13路径下的文件
2018-05-16 15:24:25,778 INFO [com.cn.chinamobile.main.TaskInvoker] - 检测D:\adapterdata\AH/IMSUDP/PSBC/HW/PM/2018-04-12-14路径下的文件
2018-05-16 15:24:25,804 INFO [com.cn.chinamobile.main.TaskInvoker] - 检测D:\adapterdata\AH/IMSUDP/PSBC/HW/PM/2018-04-12-15路径下的文件
2018-05-16 15:24:25,827 INFO [com.cn.chinamobile.main.TaskInvoker] - 检测D:\adapterdata\AH/IMSUDP/PSBC/HW/PM/2018-04-12-16路径下的文件
2018-05-16 15:24:25,848 INFO [com.cn.chinamobile.main.TaskInvoker] - 检测D:\adapterdata\AH/IMSUDP/PSBC/HW/PM/2018-04-12-17路径下的文件
2018-05-16 15:24:25,868 INFO [com.cn.chinamobile.main.TaskInvoker] - 检测D:\adapterdata\AH/IMSUDP/PSBC/HW/PM/2018-04-12-18路径下的文件
2018-05-16 15:24:25,937 INFO [com.cn.chinamobile.main.TaskInvoker] - 检测D:\adapterdata\AH/IMSUDP/PSBC/HW/PM/2018-04-12-19路径下的文件
2018-05-16 15:24:25,953 INFO [com.cn.chinamobile.main.TaskInvoker] - 检测D:\adapterdata\AH/IMSUDP/PSBC/HW/PM/2018-04-12-20路径下的文件
2018-05-16 15:24:25,959 INFO [com.cn.chinamobile.main.TaskInvoker] - 检测D:\adapterdata\AH/IMSUDP/PSBC/HW/PM/2018-04-12-21路径下的文件
2018-05-16 15:24:25,981 INFO [com.cn.chinamobile.main.TaskInvoker] - 检测D:\adapterdata\AH/IMSUDP/PSBC/HW/PM/2018-04-12-22路径下的文件
2018-05-16 15:24:26,007 INFO [com.cn.chinamobile.main.TaskInvoker] - 检测D:\adapterdata\AH/IMSUDP/PSBC/HW/PM/2018-04-12-23路径下的文件
2018-05-16 15:24:26,053 INFO [com.cn.chinamobile.main.TaskInvoker] - 检测D:\adapterdata\AH/IMSUDP/PSBC/HW/PM/2018-04-13-00路径下的文件
2018-05-16 15:24:26,078 INFO [com.cn.chinamobile.main.TaskInvoker] - 检测D:\adapterdata\AH/IMSUDP/PSBC/HW/PM/2018-04-13-01路径下的文件
2018-05-16 15:24:26,085 INFO [com.cn.chinamobile.main.TaskInvoker] - 检测D:\adapterdata\AH/IMSUDP/PSBC/HW/PM/2018-04-13-02路径下的文件
2018-05-16 15:24:26,124 INFO [com.cn.chinamobile.main.TaskInvoker] - 检测D:\adapterdata\AH/IMSUDP/PSBC/HW/PM/2018-04-13-03路径下的文件
2018-05-16 15:24:26,148 INFO [com.cn.chinamobile.main.TaskInvoker] - 检测D:\adapterdata\AH/IMSUDP/PSBC/HW/PM/2018-04-13-04路径下的文件
2018-05-16 15:24:26,176 INFO [com.cn.chinamobile.main.TaskInvoker] - 检测D:\adapterdata\AH/IMSUDP/PSBC/HW/PM/2018-04-13-05路径下的文件
2018-05-16 15:24:26,182 INFO [com.cn.chinamobile.main.TaskInvoker] - 检测D:\adapterdata\AH/IMSUDP/PSBC/HW/PM/2018-04-13-06路径下的文件
2018-05-16 15:24:26,208 INFO [com.cn.chinamobile.main.TaskInvoker] - 检测D:\adapterdata\AH/IMSUDP/PSBC/HW/PM/2018-04-13-07路径下的文件
2018-05-16 15:24:26,254 INFO [com.cn.chinamobile.main.TaskInvoker] - 检测D:\adapterdata\AH/IMSUDP/PSBC/HW/PM/2018-04-13-08路径下的文件
2018-05-16 15:24:26,259 INFO [com.cn.chinamobile.main.TaskInvoker] - 检测D:\adapterdata\AH/IMSUDP/PSBC/HW/PM/2018-04-13-09路径下的文件
2018-05-16 15:24:26,281 INFO [com.cn.chinamobile.main.TaskInvoker] - 检测D:\adapterdata\AH/IMSUDP/PSBC/HW/PM/2018-04-13-10路径下的文件
2018-05-16 15:24:26,287 INFO [com.cn.chinamobile.main.TaskInvoker] - 检测D:\adapterdata\AH/IMSUDP/PSBC/HW/PM/2018-04-13-11路径下的文件
2018-05-16 15:24:26,324 INFO [com.cn.chinamobile.main.TaskInvoker] - 检测D:\adapterdata\AH/IMSUDP/PSBC/HW/PM/2018-04-13-12路径下的文件
2018-05-16 15:24:26,330 INFO [com.cn.chinamobile.main.TaskInvoker] - 检测D:\adapterdata\AH/IMSUDP/PSBC/HW/PM/2018-04-13-13路径下的文件
2018-05-16 15:24:26,348 INFO [com.cn.chinamobile.main.TaskInvoker] - 检测D:\adapterdata\AH/IMSUDP/PSBC/HW/PM/2018-04-13-14路径下的文件
2018-05-16 15:24:26,353 INFO [com.cn.chinamobile.main.TaskInvoker] - 检测D:\adapterdata\AH/IMSUDP/PSBC/HW/PM/2018-04-13-15路径下的文件
2018-05-16 15:24:26,377 INFO [com.cn.chinamobile.main.TaskInvoker] - 检测D:\adapterdata\AH/IMSUDP/PSBC/HW/PM/2018-04-13-16路径下的文件
2018-05-16 15:24:26,402 INFO [com.cn.chinamobile.main.TaskInvoker] - 检测D:\adapterdata\AH/IMSUDP/PSBC/HW/PM/2018-04-13-17路径下的文件
2018-05-16 15:24:26,432 INFO [com.cn.chinamobile.main.TaskInvoker] - 检测D:\adapterdata\AH/IMSUDP/PSBC/HW/PM/2018-04-13-18路径下的文件
2018-05-16 15:24:26,439 INFO [com.cn.chinamobile.main.TaskInvoker] - 检测D:\adapterdata\AH/IMSUDP/PSBC/HW/PM/2018-04-13-19路径下的文件
2018-05-16 15:24:26,530 INFO [com.cn.chinamobile.main.TaskInvoker] - 检测D:\adapterdata\AH/IMSUDP/PSBC/HW/PM/2018-04-13-20路径下的文件
2018-05-16 15:24:26,654 INFO [com.cn.chinamobile.main.TaskInvoker] - 检测D:\adapterdata\AH/IMSUDP/PSBC/HW/PM/2018-04-13-21路径下的文件
2018-05-16 15:24:26,661 INFO [com.cn.chinamobile.main.TaskInvoker] - 检测D:\adapterdata\AH/IMSUDP/PSBC/HW/PM/2018-04-13-22路径下的文件
2018-05-16 15:24:26,715 INFO [com.cn.chinamobile.main.TaskInvoker] - 检测D:\adapterdata\AH/IMSUDP/PSBC/HW/PM/2018-04-13-23路径下的文件
2018-05-16 15:25:07,519 INFO [com.cn.chinamobile.main.TaskInvoker] - 通过网元查询豁免项
2018-05-16 15:25:07,527 INFO [com.cn.chinamobile.main.TaskInvoker] - VOLTESBC 网元查询的豁免类别个数为：3
2018-05-16 15:25:07,527 INFO [com.cn.chinamobile.main.TaskInvoker] - 已存在的子网元有：ManagedElement,EthernetPort,EpRpDynDnsSbc,PSbcFunction,
2018-05-16 15:25:07,527 INFO [com.cn.chinamobile.main.TaskInvoker] - 判断子网元：PSgcFunction是否在豁免项内
2018-05-16 15:25:07,527 INFO [com.cn.chinamobile.main.TaskInvoker] - 判断子网元：PSbcfFunction是否在豁免项内
2018-05-16 15:25:07,622 INFO [com.cn.chinamobile.main.TaskInvoker] - 判断子网元：EpRpDynDnsSgc是否在豁免项内
2018-05-16 15:25:07,623 INFO [com.cn.chinamobile.main.TaskInvoker] - 判断子网元：PBgwFunction是否在豁免项内
2018-05-16 15:25:07,623 INFO [com.cn.chinamobile.main.TaskInvoker] - 判断子网元：PSgcFunction是否在豁免项内
2018-05-16 15:25:07,623 INFO [com.cn.chinamobile.main.TaskInvoker] - 判断子网元：PSbcfFunction是否在豁免项内
2018-05-16 15:25:07,719 INFO [com.cn.chinamobile.main.TaskInvoker] - 判断子网元：EpRpDynDnsSgc是否在豁免项内
2018-05-16 15:25:07,720 INFO [com.cn.chinamobile.main.TaskInvoker] - 判断子网元：PBgwFunction是否在豁免项内
2018-05-16 15:58:04,030 INFO [com.cn.chinamobile.main.TaskInvoker] - 检测D:\adapterdata\AH/IMSUDP/PSBC/HW/PM路径下的文件
2018-05-16 15:58:04,041 INFO [com.cn.chinamobile.main.TaskInvoker] - 检测D:\adapterdata\AH/IMSUDP/PSBC/HW/PM路径下的文件
2018-05-16 15:58:04,054 INFO [com.cn.chinamobile.main.TaskInvoker] - 检测D:\adapterdata\AH/IMSUDP/PSBC/HW/PM路径下的文件
2018-05-16 15:58:04,230 INFO [com.cn.chinamobile.main.TaskInvoker] - 检测D:\adapterdata\AH/IMSUDP/PSBC/HW/PM/2018-04-11-00路径下的文件
2018-05-16 15:58:04,231 INFO [com.cn.chinamobile.main.TaskInvoker] - 检测D:\adapterdata\AH/IMSUDP/PSBC/HW/PM/2018-04-11-01路径下的文件
2018-05-16 15:58:04,232 INFO [com.cn.chinamobile.main.TaskInvoker] - 检测D:\adapterdata\AH/IMSUDP/PSBC/HW/PM/2018-04-11-02路径下的文件
2018-05-16 15:58:04,234 INFO [com.cn.chinamobile.main.TaskInvoker] - 检测D:\adapterdata\AH/IMSUDP/PSBC/HW/PM/2018-04-11-03路径下的文件
2018-05-16 15:58:04,234 INFO [com.cn.chinamobile.main.TaskInvoker] - 检测D:\adapterdata\AH/IMSUDP/PSBC/HW/PM/2018-04-11-04路径下的文件
2018-05-16 15:58:04,235 INFO [com.cn.chinamobile.main.TaskInvoker] - 检测D:\adapterdata\AH/IMSUDP/PSBC/HW/PM/2018-04-11-05路径下的文件
2018-05-16 15:58:04,237 INFO [com.cn.chinamobile.main.TaskInvoker] - 检测D:\adapterdata\AH/IMSUDP/PSBC/HW/PM/2018-04-11-06路径下的文件
2018-05-16 15:58:04,238 INFO [com.cn.chinamobile.main.TaskInvoker] - 检测D:\adapterdata\AH/IMSUDP/PSBC/HW/PM/2018-04-11-07路径下的文件
2018-05-16 15:58:04,240 INFO [com.cn.chinamobile.main.TaskInvoker] - 检测D:\adapterdata\AH/IMSUDP/PSBC/HW/PM/2018-04-11-08路径下的文件
2018-05-16 15:58:04,241 INFO [com.cn.chinamobile.main.TaskInvoker] - 检测D:\adapterdata\AH/IMSUDP/PSBC/HW/PM/2018-04-11-09路径下的文件
2018-05-16 15:58:04,243 INFO [com.cn.chinamobile.main.TaskInvoker] - 检测D:\adapterdata\AH/IMSUDP/PSBC/HW/PM/2018-04-11-10路径下的文件
2018-05-16 15:58:04,244 INFO [com.cn.chinamobile.main.TaskInvoker] - 检测D:\adapterdata\AH/IMSUDP/PSBC/HW/PM/2018-04-11-11路径下的文件
2018-05-16 15:58:04,246 INFO [com.cn.chinamobile.main.TaskInvoker] - 检测D:\adapterdata\AH/IMSUDP/PSBC/HW/PM/2018-04-11-12路径下的文件
2018-05-16 15:58:04,247 INFO [com.cn.chinamobile.main.TaskInvoker] - 检测D:\adapterdata\AH/IMSUDP/PSBC/HW/PM/2018-04-11-13路径下的文件
2018-05-16 15:58:04,248 INFO [com.cn.chinamobile.main.TaskInvoker] - 检测D:\adapterdata\AH/IMSUDP/PSBC/HW/PM/2018-04-11-14路径下的文件
2018-05-16 15:58:04,249 INFO [com.cn.chinamobile.main.TaskInvoker] - 检测D:\adapterdata\AH/IMSUDP/PSBC/HW/PM/2018-04-11-15路径下的文件
2018-05-16 15:58:04,250 INFO [com.cn.chinamobile.main.TaskInvoker] - 检测D:\adapterdata\AH/IMSUDP/PSBC/HW/PM/2018-04-11-16路径下的文件
2018-05-16 15:58:04,251 INFO [com.cn.chinamobile.main.TaskInvoker] - 检测D:\adapterdata\AH/IMSUDP/PSBC/HW/PM/2018-04-11-17路径下的文件
2018-05-16 15:58:04,252 INFO [com.cn.chinamobile.main.TaskInvoker] - 检测D:\adapterdata\AH/IMSUDP/PSBC/HW/PM/2018-04-11-18路径下的文件
2018-05-16 15:58:04,254 INFO [com.cn.chinamobile.main.TaskInvoker] - 检测D:\adapterdata\AH/IMSUDP/PSBC/HW/PM/2018-04-11-19路径下的文件
2018-05-16 15:58:04,255 INFO [com.cn.chinamobile.main.TaskInvoker] - 检测D:\adapterdata\AH/IMSUDP/PSBC/HW/PM/2018-04-11-20路径下的文件
2018-05-16 15:58:04,256 INFO [com.cn.chinamobile.main.TaskInvoker] - 检测D:\adapterdata\AH/IMSUDP/PSBC/HW/PM/2018-04-11-21路径下的文件
2018-05-16 15:58:04,257 INFO [com.cn.chinamobile.main.TaskInvoker] - 检测D:\adapterdata\AH/IMSUDP/PSBC/HW/PM/2018-04-11-22路径下的文件
2018-05-16 15:58:04,258 INFO [com.cn.chinamobile.main.TaskInvoker] - 检测D:\adapterdata\AH/IMSUDP/PSBC/HW/PM/2018-04-11-23路径下的文件
2018-05-16 15:58:04,260 INFO [com.cn.chinamobile.main.TaskInvoker] - 检测D:\adapterdata\AH/IMSUDP/PSBC/HW/PM/2018-04-12-00路径下的文件
2018-05-16 15:58:04,261 INFO [com.cn.chinamobile.main.TaskInvoker] - 检测D:\adapterdata\AH/IMSUDP/PSBC/HW/PM/2018-04-12-01路径下的文件
2018-05-16 15:58:04,262 INFO [com.cn.chinamobile.main.TaskInvoker] - 检测D:\adapterdata\AH/IMSUDP/PSBC/HW/PM/2018-04-12-02路径下的文件
2018-05-16 15:58:04,264 INFO [com.cn.chinamobile.main.TaskInvoker] - 检测D:\adapterdata\AH/IMSUDP/PSBC/HW/PM/2018-04-12-03路径下的文件
2018-05-16 15:58:04,265 INFO [com.cn.chinamobile.main.TaskInvoker] - 检测D:\adapterdata\AH/IMSUDP/PSBC/HW/PM/2018-04-12-04路径下的文件
2018-05-16 15:58:04,266 INFO [com.cn.chinamobile.main.TaskInvoker] - 检测D:\adapterdata\AH/IMSUDP/PSBC/HW/PM/2018-04-12-05路径下的文件
2018-05-16 15:58:04,266 INFO [com.cn.chinamobile.main.TaskInvoker] - 检测D:\adapterdata\AH/IMSUDP/PSBC/HW/PM/2018-04-12-06路径下的文件
2018-05-16 15:58:04,267 INFO [com.cn.chinamobile.main.TaskInvoker] - 检测D:\adapterdata\AH/IMSUDP/PSBC/HW/PM/2018-04-12-07路径下的文件
2018-05-16 15:58:04,268 INFO [com.cn.chinamobile.main.TaskInvoker] - 检测D:\adapterdata\AH/IMSUDP/PSBC/HW/PM/2018-04-12-08路径下的文件
2018-05-16 15:58:04,269 INFO [com.cn.chinamobile.main.TaskInvoker] - 检测D:\adapterdata\AH/IMSUDP/PSBC/HW/PM/2018-04-12-09路径下的文件
2018-05-16 15:58:04,271 INFO [com.cn.chinamobile.main.TaskInvoker] - 检测D:\adapterdata\AH/IMSUDP/PSBC/HW/PM/2018-04-12-10路径下的文件
2018-05-16 15:58:04,272 INFO [com.cn.chinamobile.main.TaskInvoker] - 检测D:\adapterdata\AH/IMSUDP/PSBC/HW/PM/2018-04-12-11路径下的文件
2018-05-16 15:58:04,274 INFO [com.cn.chinamobile.main.TaskInvoker] - 检测D:\adapterdata\AH/IMSUDP/PSBC/HW/PM/2018-04-12-12路径下的文件
2018-05-16 15:58:04,276 INFO [com.cn.chinamobile.main.TaskInvoker] - 检测D:\adapterdata\AH/IMSUDP/PSBC/HW/PM/2018-04-12-13路径下的文件
2018-05-16 15:58:04,277 INFO [com.cn.chinamobile.main.TaskInvoker] - 检测D:\adapterdata\AH/IMSUDP/PSBC/HW/PM/2018-04-12-14路径下的文件
2018-05-16 15:58:04,279 INFO [com.cn.chinamobile.main.TaskInvoker] - 检测D:\adapterdata\AH/IMSUDP/PSBC/HW/PM/2018-04-12-15路径下的文件
2018-05-16 15:58:04,281 INFO [com.cn.chinamobile.main.TaskInvoker] - 检测D:\adapterdata\AH/IMSUDP/PSBC/HW/PM/2018-04-12-16路径下的文件
2018-05-16 15:58:04,281 INFO [com.cn.chinamobile.main.TaskInvoker] - 检测D:\adapterdata\AH/IMSUDP/PSBC/HW/PM/2018-04-12-17路径下的文件
2018-05-16 15:58:04,282 INFO [com.cn.chinamobile.main.TaskInvoker] - 检测D:\adapterdata\AH/IMSUDP/PSBC/HW/PM/2018-04-12-18路径下的文件
2018-05-16 15:58:04,283 INFO [com.cn.chinamobile.main.TaskInvoker] - 检测D:\adapterdata\AH/IMSUDP/PSBC/HW/PM/2018-04-12-19路径下的文件
2018-05-16 15:58:04,284 INFO [com.cn.chinamobile.main.TaskInvoker] - 检测D:\adapterdata\AH/IMSUDP/PSBC/HW/PM/2018-04-12-20路径下的文件
2018-05-16 15:58:04,285 INFO [com.cn.chinamobile.main.TaskInvoker] - 检测D:\adapterdata\AH/IMSUDP/PSBC/HW/PM/2018-04-12-21路径下的文件
2018-05-16 15:58:04,286 INFO [com.cn.chinamobile.main.TaskInvoker] - 检测D:\adapterdata\AH/IMSUDP/PSBC/HW/PM/2018-04-12-22路径下的文件
2018-05-16 15:58:04,288 INFO [com.cn.chinamobile.main.TaskInvoker] - 检测D:\adapterdata\AH/IMSUDP/PSBC/HW/PM/2018-04-12-23路径下的文件
2018-05-16 15:58:04,289 INFO [com.cn.chinamobile.main.TaskInvoker] - 检测D:\adapterdata\AH/IMSUDP/PSBC/HW/PM/2018-04-13-00路径下的文件
2018-05-16 15:58:04,290 INFO [com.cn.chinamobile.main.TaskInvoker] - 检测D:\adapterdata\AH/IMSUDP/PSBC/HW/PM/2018-04-13-01路径下的文件
2018-05-16 15:58:04,290 INFO [com.cn.chinamobile.main.TaskInvoker] - 检测D:\adapterdata\AH/IMSUDP/PSBC/HW/PM/2018-04-13-02路径下的文件
2018-05-16 15:58:04,292 INFO [com.cn.chinamobile.main.TaskInvoker] - 检测D:\adapterdata\AH/IMSUDP/PSBC/HW/PM/2018-04-13-03路径下的文件
2018-05-16 15:58:04,293 INFO [com.cn.chinamobile.main.TaskInvoker] - 检测D:\adapterdata\AH/IMSUDP/PSBC/HW/PM/2018-04-13-04路径下的文件
2018-05-16 15:58:04,294 INFO [com.cn.chinamobile.main.TaskInvoker] - 检测D:\adapterdata\AH/IMSUDP/PSBC/HW/PM/2018-04-13-05路径下的文件
2018-05-16 15:58:04,295 INFO [com.cn.chinamobile.main.TaskInvoker] - 检测D:\adapterdata\AH/IMSUDP/PSBC/HW/PM/2018-04-13-06路径下的文件
2018-05-16 15:58:04,296 INFO [com.cn.chinamobile.main.TaskInvoker] - 检测D:\adapterdata\AH/IMSUDP/PSBC/HW/PM/2018-04-13-07路径下的文件
2018-05-16 15:58:04,297 INFO [com.cn.chinamobile.main.TaskInvoker] - 检测D:\adapterdata\AH/IMSUDP/PSBC/HW/PM/2018-04-13-08路径下的文件
2018-05-16 15:58:04,298 INFO [com.cn.chinamobile.main.TaskInvoker] - 检测D:\adapterdata\AH/IMSUDP/PSBC/HW/PM/2018-04-13-09路径下的文件
2018-05-16 15:58:04,299 INFO [com.cn.chinamobile.main.TaskInvoker] - 检测D:\adapterdata\AH/IMSUDP/PSBC/HW/PM/2018-04-13-10路径下的文件
2018-05-16 15:58:04,300 INFO [com.cn.chinamobile.main.TaskInvoker] - 检测D:\adapterdata\AH/IMSUDP/PSBC/HW/PM/2018-04-13-11路径下的文件
2018-05-16 15:58:04,301 INFO [com.cn.chinamobile.main.TaskInvoker] - 检测D:\adapterdata\AH/IMSUDP/PSBC/HW/PM/2018-04-13-12路径下的文件
2018-05-16 15:58:04,302 INFO [com.cn.chinamobile.main.TaskInvoker] - 检测D:\adapterdata\AH/IMSUDP/PSBC/HW/PM/2018-04-13-13路径下的文件
2018-05-16 15:58:04,303 INFO [com.cn.chinamobile.main.TaskInvoker] - 检测D:\adapterdata\AH/IMSUDP/PSBC/HW/PM/2018-04-13-14路径下的文件
2018-05-16 15:58:04,304 INFO [com.cn.chinamobile.main.TaskInvoker] - 检测D:\adapterdata\AH/IMSUDP/PSBC/HW/PM/2018-04-13-15路径下的文件
2018-05-16 15:58:04,305 INFO [com.cn.chinamobile.main.TaskInvoker] - 检测D:\adapterdata\AH/IMSUDP/PSBC/HW/PM/2018-04-13-16路径下的文件
2018-05-16 15:58:04,306 INFO [com.cn.chinamobile.main.TaskInvoker] - 检测D:\adapterdata\AH/IMSUDP/PSBC/HW/PM/2018-04-13-17路径下的文件
2018-05-16 15:58:04,307 INFO [com.cn.chinamobile.main.TaskInvoker] - 检测D:\adapterdata\AH/IMSUDP/PSBC/HW/PM/2018-04-13-18路径下的文件
2018-05-16 15:58:04,308 INFO [com.cn.chinamobile.main.TaskInvoker] - 检测D:\adapterdata\AH/IMSUDP/PSBC/HW/PM/2018-04-13-19路径下的文件
2018-05-16 15:58:04,309 INFO [com.cn.chinamobile.main.TaskInvoker] - 检测D:\adapterdata\AH/IMSUDP/PSBC/HW/PM/2018-04-13-20路径下的文件
2018-05-16 15:58:04,310 INFO [com.cn.chinamobile.main.TaskInvoker] - 检测D:\adapterdata\AH/IMSUDP/PSBC/HW/PM/2018-04-13-21路径下的文件
2018-05-16 15:58:04,311 INFO [com.cn.chinamobile.main.TaskInvoker] - 检测D:\adapterdata\AH/IMSUDP/PSBC/HW/PM/2018-04-13-22路径下的文件
2018-05-16 15:58:04,312 INFO [com.cn.chinamobile.main.TaskInvoker] - 检测D:\adapterdata\AH/IMSUDP/PSBC/HW/PM/2018-04-13-23路径下的文件
2018-05-16 15:58:23,555 INFO [com.cn.chinamobile.main.TaskInvoker] - 通过网元查询豁免项
2018-05-16 15:58:23,562 INFO [com.cn.chinamobile.main.TaskInvoker] - VOLTESBC 网元查询的豁免类别个数为：3
2018-05-16 15:58:23,562 INFO [com.cn.chinamobile.main.TaskInvoker] - 已存在的子网元有：ManagedElement,EthernetPort,EpRpDynDnsSbc,PSbcFunction,
2018-05-16 15:58:23,563 INFO [com.cn.chinamobile.main.TaskInvoker] - 判断子网元：PSgcFunction是否在豁免项内
2018-05-16 15:58:23,563 INFO [com.cn.chinamobile.main.TaskInvoker] - 判断子网元：PSbcfFunction是否在豁免项内
2018-05-16 15:58:23,594 INFO [com.cn.chinamobile.main.TaskInvoker] - 判断子网元：EpRpDynDnsSgc是否在豁免项内
2018-05-16 15:58:23,594 INFO [com.cn.chinamobile.main.TaskInvoker] - 判断子网元：PBgwFunction是否在豁免项内
2018-05-16 15:58:23,594 INFO [com.cn.chinamobile.main.TaskInvoker] - 判断子网元：PSgcFunction是否在豁免项内
2018-05-16 15:58:23,594 INFO [com.cn.chinamobile.main.TaskInvoker] - 判断子网元：PSbcfFunction是否在豁免项内
2018-05-16 15:58:23,669 INFO [com.cn.chinamobile.main.TaskInvoker] - 判断子网元：EpRpDynDnsSgc是否在豁免项内
2018-05-16 15:58:23,669 INFO [com.cn.chinamobile.main.TaskInvoker] - 判断子网元：PBgwFunction是否在豁免项内
